<Context>
   <Parameter name="spring.profiles.active" value="flatfile" override="false"/>
   <Parameter name="flatfile.propertiesFile" value="file:${build.testOutputDirectory}/test-flatfile.properties" override="false"/>
</Context>