<?xml version="1.0" encoding="UTF-8"?>

<beans xmlns="http://www.springframework.org/schema/beans"
   xmlns:xsi="http://www.w3.org/2001/XMLSchema-instance" 
   xmlns:context="http://www.springframework.org/schema/context"
   xmlns:aop="http://www.springframework.org/schema/aop"
   xmlns:tx="http://www.springframework.org/schema/tx"
   xsi:schemaLocation="http://www.springframework.org/schema/beans http://www.springframework.org/schema/beans/spring-beans-3.2.xsd
      http://www.springframework.org/schema/aop http://www.springframework.org/schema/aop/spring-aop-3.2.xsd
      http://www.springframework.org/schema/tx http://www.springframework.org/schema/tx/spring-tx-3.2.xsd
      http://www.springframework.org/schema/context http://www.springframework.org/schema/context/spring-context.xsd">
   
   <bean id="fileDataSource" class="org.springframework.jdbc.datasource.DriverManagerDataSource">
      <property name="driverClassName" value="org.relique.jdbc.csv.CsvDriver"/>
      <property name="url" value="jdbc:relique:csv:class:ca.on.oicr.pinery.lims.flatfile.dao.ClasspathTableReader?separator=%09"/>
   </bean>
   
   <bean id="jdbcTemplate" class="org.springframework.jdbc.core.JdbcTemplate">
      <constructor-arg ref="fileDataSource"/>
   </bean>
   
   <bean id="instrumentDao" class="ca.on.oicr.pinery.lims.flatfile.dao.InstrumentFileDao"/>
   <bean id="changeDao" class="ca.on.oicr.pinery.lims.flatfile.dao.ChangeFileDao"/>
   <bean id="orderDao" class="ca.on.oicr.pinery.lims.flatfile.dao.OrderFileDao"/>
   <bean id="runDao" class="ca.on.oicr.pinery.lims.flatfile.dao.RunFileDao"/>
   <bean id="sampleDao" class="ca.on.oicr.pinery.lims.flatfile.dao.SampleFileDao"/>
   <bean id="userDao" class="ca.on.oicr.pinery.lims.flatfile.dao.UserFileDao"/>
   <bean id="boxDao" class="ca.on.oicr.pinery.lims.flatfile.dao.BoxFileDao"/>
   
   <bean id="flatfileClient" class="ca.on.oicr.pinery.lims.flatfile.FlatfileClient"/>
   
</beans>